<?xml version="1.0" encoding="UTF-8"?>
<!-- Generated by org.testng.reporters.JUnitXMLReporter -->
<testsuite ignored="0" hostname="CD-L-0229" failures="1" tests="1" name="Default test" time="52.022" errors="0" timestamp="2025-06-26T23:17:27 IST">
  <testcase classname="io.cucumber.testng.AbstractTestNGCucumberTests" name="runScenario" time="50.532">
    <failure type="java.lang.AssertionError" message=" UI value &amp;apos;0 °F&amp;apos; does not match published payload &amp;apos;81&amp;apos;">
      <![CDATA[java.lang.AssertionError:  UI value '0 °F' does not match published payload '81'
at mqttPages.MqttPage.publishAndVerifySingleCard(MqttPage.java:156)
at mqttStepDefinitions.MqttSteps.user_publishes_random_payload_from_excel_row_and_verifies_ui_label(MqttSteps.java:80)
at ✽.User publishes random payload from Excel sheet "Unit Settings" row 29 and verifies UI Label(file:///C:/Users/PrakashArulmani/eclipse-workspace/Aaon%20Stratus/src/test/resources/MqttFeatures/Config/MqttUnitSettings.feature:60)
]]>
    </failure>
  </testcase> <!-- runScenario -->
</testsuite> <!-- Default test -->
