<?xml version="1.0" encoding="UTF-8"?>
<testng-results ignored="0" total="1" passed="1" failed="0" skipped="0">
  <reporter-output>
  </reporter-output>
  <suite started-at="2025-06-25T16:40:39 IST" name="Default suite" finished-at="2025-06-25T16:41:58 IST" duration-ms="79909">
    <groups>
      <group name="cucumber">
        <method signature="AbstractTestNGCucumberTests.runScenario(io.cucumber.testng.PickleWrapper,io.cucumber.testng.FeatureWrapper)[pri:0, instance:StepDefinitions.TestRunner@424e1977]" name="runScenario" class="io.cucumber.testng.AbstractTestNGCucumberTests"/>
      </group> <!-- cucumber -->
    </groups>
    <test started-at="2025-06-25T16:40:39 IST" name="Default test" finished-at="2025-06-25T16:41:58 IST" duration-ms="79909">
      <class name="StepDefinitions.TestRunner">
        <test-method is-config="true" signature="setUpClass(org.testng.ITestContext)[pri:0, instance:StepDefinitions.TestRunner@424e1977]" started-at="2025-06-25T16:40:39 IST" name="setUpClass" finished-at="2025-06-25T16:40:40 IST" duration-ms="1432" status="PASS">
          <params>
            <param index="0">
              <value>
                <![CDATA[org.testng.TestRunner@62883f8a]]>
              </value>
            </param>
          </params>
          <reporter-output>
          </reporter-output>
        </test-method> <!-- setUpClass -->
        <test-method signature="runScenario(io.cucumber.testng.PickleWrapper,io.cucumber.testng.FeatureWrapper)[pri:0, instance:StepDefinitions.TestRunner@424e1977]" started-at="2025-06-25T16:40:40 IST" name="runScenario" description="Runs Cucumber Scenarios" data-provider="scenarios" finished-at="2025-06-25T16:41:58 IST" duration-ms="77763" status="PASS">
          <params>
            <param index="0">
              <value>
                <![CDATA["Test each sensor payload selection via MQTT"]]>
              </value>
            </param>
            <param index="1">
              <value>
                <![CDATA["MQTT Sensor publishing"]]>
              </value>
            </param>
          </params>
          <reporter-output>
          </reporter-output>
        </test-method> <!-- runScenario -->
        <test-method is-config="true" signature="tearDownClass()[pri:0, instance:StepDefinitions.TestRunner@424e1977]" started-at="2025-06-25T16:41:58 IST" name="tearDownClass" finished-at="2025-06-25T16:41:58 IST" duration-ms="662" status="PASS">
          <reporter-output>
          </reporter-output>
        </test-method> <!-- tearDownClass -->
      </class> <!-- StepDefinitions.TestRunner -->
    </test> <!-- Default test -->
  </suite> <!-- Default suite -->
</testng-results>
