<?xml version="1.0" encoding="UTF-8"?>
<!-- Generated by org.testng.reporters.JUnitReportReporter -->
<testsuite hostname="PRA" failures="1" tests="1" name="StepDefinitions.FailedRun" time="6.361" errors="0" timestamp="2025-03-10T22:21:07 IST" skipped="0">
  <testcase classname="StepDefinitions.FailedRun" name="runScenario" time="6.361">
    <failure message="Monitoring submodule is not displayed correctly." type="java.lang.AssertionError">
      <![CDATA[java.lang.AssertionError: Monitoring submodule is not displayed correctly.
at org.junit.Assert.fail(Assert.java:89)
at org.junit.Assert.assertTrue(Assert.java:42)
at pages.MonitoringPage.verifySubModuleHeaderLabels(MonitoringPage.java:210)
at StepDefinitions.MonitoringSteps.user_verifies_the_submodules_under_the_Analysis_module_are_Monitoring_Space_Temp_Mode_Economizer_Schedule_Graphs_are_displayed(MonitoringSteps.java:63)
at ✽.User verifies the submodules under the Analysis module are Monitoring, Space Temp, Mode, Economizer, Schedule, Graphs are displayed(file:///C:/Users/prudh/Downloads/SeleniumCucumberBDD-master/SeleniumCucumberBDD-master/CucumberJava/src/test/resources/Features/AppLaunch.feature:9)
]]>
    </failure>
  </testcase> <!-- runScenario -->
  <system-out/>
</testsuite> <!-- StepDefinitions.FailedRun -->
